Using pre-set license
Built from '2020.3/staging' branch; Version is '2020.3.5f1 (8095aa901b9b) revision 8426922'; Using compiler version '192528614'; Build Type 'Release'
OS: 'Windows 10 Home; OS build 19042.928; Version 2009; 64bit' Language: 'en' Physical Memory: 16225 MB
BatchMode: 1, IsHumanControllingUs: 0, StartBugReporterOnCrash: 0, Is64bit: 1, IsPro: 0

 COMMAND LINE ARGUMENTS:
C:\Program Files\Unity\Hub\Editor\2020.3.5f1\Editor\Unity.exe
-adb2
-batchMode
-noUpm
-name
AssetImportWorker0
-projectPath
C:/Users/Leon Vila/Documents/DreamLand
-logFile
Logs/AssetImportWorker0.log
-srvPort
53003
Successfully changed project path to: C:/Users/Leon Vila/Documents/DreamLand
C:/Users/Leon Vila/Documents/DreamLand
Using Asset Import Pipeline V2.
Refreshing native plugins compatible for Editor in 40.96 ms, found 1 plugins.
Preloading 0 native plugins for Editor in 0.00 ms.
Initialize engine version: 2020.3.5f1 (8095aa901b9b)
[Subsystems] Discovering subsystems at path C:/Program Files/Unity/Hub/Editor/2020.3.5f1/Editor/Data/Resources/UnitySubsystems
[Subsystems] Discovering subsystems at path C:/Users/Leon Vila/Documents/DreamLand/Assets
GfxDevice: creating device client; threaded=0
Direct3D:
    Version:  Direct3D 11.0 [level 11.1]
    Renderer: NVIDIA GeForce GTX 1050 Ti with Max-Q Design (ID=0x1c8f)
    Vendor:   
    VRAM:     4021 MB
    Driver:   27.21.14.5671
Initialize mono
Mono path[0] = 'C:/Program Files/Unity/Hub/Editor/2020.3.5f1/Editor/Data/Managed'
Mono path[1] = 'C:/Program Files/Unity/Hub/Editor/2020.3.5f1/Editor/Data/MonoBleedingEdge/lib/mono/unityjit'
Mono config path = 'C:/Program Files/Unity/Hub/Editor/2020.3.5f1/Editor/Data/MonoBleedingEdge/etc'
Using monoOptions --debugger-agent=transport=dt_socket,embedding=1,server=y,suspend=n,address=127.0.0.1:56736
Begin MonoManager ReloadAssembly
Registering precompiled unity dll's ...
Register platform support module: C:/Program Files/Unity/Hub/Editor/2020.3.5f1/Editor/Data/PlaybackEngines/WebGLSupport/UnityEditor.WebGL.Extensions.dll
Register platform support module: C:/Program Files/Unity/Hub/Editor/2020.3.5f1/Editor/Data/PlaybackEngines/WindowsStandaloneSupport/UnityEditor.WindowsStandalone.Extensions.dll
Registered in 0.002804 seconds.
Native extension for WindowsStandalone target not found
Native extension for WebGL target not found
Refreshing native plugins compatible for Editor in 39.01 ms, found 1 plugins.
Preloading 0 native plugins for Editor in 0.00 ms.
Mono: successfully reloaded assembly
- Completed reload, in  1.255 seconds
Platform modules already initialized, skipping
Registering precompiled user dll's ...
Registered in 0.000952 seconds.
Begin MonoManager ReloadAssembly
Native extension for WindowsStandalone target not found
Native extension for WebGL target not found
Refreshing native plugins compatible for Editor in 48.26 ms, found 1 plugins.
Preloading 0 native plugins for Editor in 0.00 ms.
Mono: successfully reloaded assembly
- Completed reload, in  0.994 seconds
Platform modules already initialized, skipping
========================================================================
Worker process is ready to serve import requests
Launched and connected shader compiler UnityShaderCompiler.exe after 0.05 seconds
Refreshing native plugins compatible for Editor in 0.53 ms, found 1 plugins.
Preloading 0 native plugins for Editor in 0.00 ms.
Unloading 1816 Unused Serialized files (Serialized files now loaded: 0)
System memory in use before: 87.1 MB.
System memory in use after: 87.1 MB.

Unloading 23 unused Assets to reduce memory usage. Loaded Objects now: 2266.
Total: 2.629500 ms (FindLiveObjects: 0.438700 ms CreateObjectMapping: 0.343700 ms MarkObjects: 1.681800 ms  DeleteObjects: 0.164300 ms)

========================================================================
Received Import Request.
  path: Assets/Scenes/Zone 1.unity
  artifactKey: Guid(59b97df3bee9cb34ca2b33c4c7008ece) Importer(815301076,1909f56bfc062723c751e8b465ee728b)
Start importing Assets/Scenes/Zone 1.unity using Guid(59b97df3bee9cb34ca2b33c4c7008ece) Importer(815301076,1909f56bfc062723c751e8b465ee728b)  -> (artifact id: '58b508854cf8c88143a22f27ff1d6a2b') in 0.013983 seconds
  Import took 0.018124 seconds .

========================================================================
Received Prepare
Refreshing native plugins compatible for Editor in 3.42 ms, found 1 plugins.
Preloading 0 native plugins for Editor in 0.00 ms.
Unloading 10 Unused Serialized files (Serialized files now loaded: 0)
System memory in use before: 51.1 MB.
System memory in use after: 51.1 MB.

Unloading 10 unused Assets to reduce memory usage. Loaded Objects now: 2266.
Total: 2.596700 ms (FindLiveObjects: 0.332600 ms CreateObjectMapping: 0.106000 ms MarkObjects: 2.048100 ms  DeleteObjects: 0.108800 ms)

========================================================================
Received Import Request.
  Time since last request: 2862.665783 seconds.
  path: Assets/d
  artifactKey: Guid(2b1a36b3f8aff74468a661951d8b22ed) Importer(815301076,1909f56bfc062723c751e8b465ee728b)
Start importing Assets/d using Guid(2b1a36b3f8aff74468a661951d8b22ed) Importer(815301076,1909f56bfc062723c751e8b465ee728b)  -> (artifact id: '0d44e0e4b50b43e0815eadaa8bd84f49') in 0.011173 seconds
  Import took 0.017468 seconds .

========================================================================
Received Import Request.
  Time since last request: 15.656074 seconds.
  path: Assets/Packages
  artifactKey: Guid(2b1a36b3f8aff74468a661951d8b22ed) Importer(815301076,1909f56bfc062723c751e8b465ee728b)
Start importing Assets/Packages using Guid(2b1a36b3f8aff74468a661951d8b22ed) Importer(815301076,1909f56bfc062723c751e8b465ee728b)  -> (artifact id: 'd865fa663e0064de7cf09ba371020bb1') in 0.009132 seconds
  Import took 0.014059 seconds .

========================================================================
Received Import Request.
  Time since last request: 32.516113 seconds.
  path: Assets/Local Assets
  artifactKey: Guid(2b1a36b3f8aff74468a661951d8b22ed) Importer(815301076,1909f56bfc062723c751e8b465ee728b)
Start importing Assets/Local Assets using Guid(2b1a36b3f8aff74468a661951d8b22ed) Importer(815301076,1909f56bfc062723c751e8b465ee728b)  -> (artifact id: 'c03cba067815b074cba2964bace58b1a') in 0.009567 seconds
  Import took 0.013403 seconds .

========================================================================
Received Import Request.
  Time since last request: 7.709628 seconds.
  path: Assets/Local
  artifactKey: Guid(2b1a36b3f8aff74468a661951d8b22ed) Importer(815301076,1909f56bfc062723c751e8b465ee728b)
Start importing Assets/Local using Guid(2b1a36b3f8aff74468a661951d8b22ed) Importer(815301076,1909f56bfc062723c751e8b465ee728b)  -> (artifact id: 'a14bbc28baede4f923e3105ce23bd7f5') in 0.009359 seconds
  Import took 0.013117 seconds .

========================================================================
Received Import Request.
  Time since last request: 5.539719 seconds.
  path: Assets/Stuff
  artifactKey: Guid(2b1a36b3f8aff74468a661951d8b22ed) Importer(815301076,1909f56bfc062723c751e8b465ee728b)
Start importing Assets/Stuff using Guid(2b1a36b3f8aff74468a661951d8b22ed) Importer(815301076,1909f56bfc062723c751e8b465ee728b)  -> (artifact id: 'd865d256560479258d940598e00a1449') in 0.008986 seconds
  Import took 0.012713 seconds .

AssetImportWorkerClient::OnTransportError - code=2 error=End of file
